2012-11-26 16:11:22,365 - [INFO] - from play in main 
Listening for HTTP on /0:0:0:0:0:0:0:0%0:9000

2012-11-26 16:11:49,958 - [ERROR] - from application in New I/O  worker #1 


! @6cen12n6n - Internal server error, for (GET) [/] ->

sbt.PlayExceptions$CompilationException: Compilation error[cannot find symbol [symbol: method form(java.lang.Class<models.Product>)] [location: class controllers.Product]]
	at sbt.PlayReloader$$anon$2$$anonfun$reload$2$$anonfun$apply$15$$anonfun$apply$16.apply(PlayReloader.scala:322) ~[na:na]
	at sbt.PlayReloader$$anon$2$$anonfun$reload$2$$anonfun$apply$15$$anonfun$apply$16.apply(PlayReloader.scala:322) ~[na:na]
	at scala.Option.map(Option.scala:133) ~[scala-library.jar:na]
	at sbt.PlayReloader$$anon$2$$anonfun$reload$2$$anonfun$apply$15.apply(PlayReloader.scala:322) ~[na:na]
	at sbt.PlayReloader$$anon$2$$anonfun$reload$2$$anonfun$apply$15.apply(PlayReloader.scala:319) ~[na:na]
	at scala.Option.map(Option.scala:133) ~[scala-library.jar:na]
	at sbt.PlayReloader$$anon$2$$anonfun$reload$2.apply(PlayReloader.scala:319) ~[na:na]
	at sbt.PlayReloader$$anon$2$$anonfun$reload$2.apply(PlayReloader.scala:317) ~[na:na]
	at scala.Either$LeftProjection.map(Either.scala:374) ~[na:na]
	at sbt.PlayReloader$$anon$2.reload(PlayReloader.scala:317) ~[na:na]
	at play.core.ReloadableApplication.get(ApplicationProvider.scala:93) ~[play_2.10.jar:2.1-SNAPSHOT]
	at play.core.server.Server$class.sendHandler$1(Server.scala:55) [play_2.10.jar:2.1-SNAPSHOT]
	at play.core.server.Server$$anonfun$getHandlerFor$4.apply(Server.scala:85) [play_2.10.jar:2.1-SNAPSHOT]
	at play.core.server.Server$$anonfun$getHandlerFor$4.apply(Server.scala:84) [play_2.10.jar:2.1-SNAPSHOT]
	at scala.util.Either$RightProjection.flatMap(Either.scala:523) [scala-library.jar:na]
	at play.core.server.Server$class.getHandlerFor(Server.scala:84) [play_2.10.jar:2.1-SNAPSHOT]
	at play.core.server.NettyServer.getHandlerFor(NettyServer.scala:33) [play_2.10.jar:2.1-SNAPSHOT]
	at play.core.server.netty.PlayDefaultUpstreamHandler.messageReceived(PlayDefaultUpstreamHandler.scala:269) [play_2.10.jar:2.1-SNAPSHOT]
	at org.jboss.netty.channel.SimpleChannelUpstreamHandler.handleUpstream(SimpleChannelUpstreamHandler.java:75) [netty-3.5.9.Final.jar:na]
	at org.jboss.netty.channel.DefaultChannelPipeline.sendUpstream(DefaultChannelPipeline.java:565) [netty-3.5.9.Final.jar:na]
	at org.jboss.netty.channel.DefaultChannelPipeline$DefaultChannelHandlerContext.sendUpstream(DefaultChannelPipeline.java:793) [netty-3.5.9.Final.jar:na]
	at org.jboss.netty.handler.codec.http.HttpContentDecoder.messageReceived(HttpContentDecoder.java:104) [netty-3.5.9.Final.jar:na]
	at org.jboss.netty.channel.SimpleChannelUpstreamHandler.handleUpstream(SimpleChannelUpstreamHandler.java:75) [netty-3.5.9.Final.jar:na]
	at org.jboss.netty.channel.DefaultChannelPipeline.sendUpstream(DefaultChannelPipeline.java:565) [netty-3.5.9.Final.jar:na]
	at org.jboss.netty.channel.DefaultChannelPipeline$DefaultChannelHandlerContext.sendUpstream(DefaultChannelPipeline.java:793) [netty-3.5.9.Final.jar:na]
	at org.jboss.netty.handler.codec.http.HttpContentEncoder.messageReceived(HttpContentEncoder.java:82) [netty-3.5.9.Final.jar:na]
	at org.jboss.netty.channel.SimpleChannelHandler.handleUpstream(SimpleChannelHandler.java:95) [netty-3.5.9.Final.jar:na]
	at org.jboss.netty.channel.DefaultChannelPipeline.sendUpstream(DefaultChannelPipeline.java:565) [netty-3.5.9.Final.jar:na]
	at org.jboss.netty.channel.DefaultChannelPipeline$DefaultChannelHandlerContext.sendUpstream(DefaultChannelPipeline.java:793) [netty-3.5.9.Final.jar:na]
	at org.jboss.netty.channel.Channels.fireMessageReceived(Channels.java:296) [netty-3.5.9.Final.jar:na]
	at org.jboss.netty.handler.codec.frame.FrameDecoder.unfoldAndFireMessageReceived(FrameDecoder.java:455) [netty-3.5.9.Final.jar:na]
	at org.jboss.netty.handler.codec.replay.ReplayingDecoder.callDecode(ReplayingDecoder.java:538) [netty-3.5.9.Final.jar:na]
	at org.jboss.netty.handler.codec.replay.ReplayingDecoder.messageReceived(ReplayingDecoder.java:437) [netty-3.5.9.Final.jar:na]
	at org.jboss.netty.channel.SimpleChannelUpstreamHandler.handleUpstream(SimpleChannelUpstreamHandler.java:75) [netty-3.5.9.Final.jar:na]
	at org.jboss.netty.channel.DefaultChannelPipeline.sendUpstream(DefaultChannelPipeline.java:565) [netty-3.5.9.Final.jar:na]
	at org.jboss.netty.channel.DefaultChannelPipeline.sendUpstream(DefaultChannelPipeline.java:560) [netty-3.5.9.Final.jar:na]
	at org.jboss.netty.channel.Channels.fireMessageReceived(Channels.java:268) [netty-3.5.9.Final.jar:na]
	at org.jboss.netty.channel.Channels.fireMessageReceived(Channels.java:255) [netty-3.5.9.Final.jar:na]
	at org.jboss.netty.channel.socket.nio.NioWorker.read(NioWorker.java:84) [netty-3.5.9.Final.jar:na]
	at org.jboss.netty.channel.socket.nio.AbstractNioWorker.processSelectedKeys(AbstractNioWorker.java:472) [netty-3.5.9.Final.jar:na]
	at org.jboss.netty.channel.socket.nio.AbstractNioWorker.run(AbstractNioWorker.java:333) [netty-3.5.9.Final.jar:na]
	at org.jboss.netty.channel.socket.nio.NioWorker.run(NioWorker.java:35) [netty-3.5.9.Final.jar:na]
	at org.jboss.netty.util.ThreadRenamingRunnable.run(ThreadRenamingRunnable.java:102) [netty-3.5.9.Final.jar:na]
	at org.jboss.netty.util.internal.DeadLockProofWorker$1.run(DeadLockProofWorker.java:42) [netty-3.5.9.Final.jar:na]
	at java.util.concurrent.ThreadPoolExecutor$Worker.runTask(ThreadPoolExecutor.java:886) [na:1.6.0_37]
	at java.util.concurrent.ThreadPoolExecutor$Worker.run(ThreadPoolExecutor.java:908) [na:1.6.0_37]
	at java.lang.Thread.run(Thread.java:680) [na:1.6.0_37]

2012-11-26 16:12:01,459 - [ERROR] - from application in New I/O  worker #2 


! @6cen13e81 - Internal server error, for (GET) [/] ->

sbt.PlayExceptions$CompilationException: Compilation error[cannot find symbol [symbol: method form(java.lang.Class<models.Product>)] [location: class controllers.Product]]
	at sbt.PlayReloader$$anon$2$$anonfun$reload$2$$anonfun$apply$15$$anonfun$apply$16.apply(PlayReloader.scala:322) ~[na:na]
	at sbt.PlayReloader$$anon$2$$anonfun$reload$2$$anonfun$apply$15$$anonfun$apply$16.apply(PlayReloader.scala:322) ~[na:na]
	at scala.Option.map(Option.scala:133) ~[scala-library.jar:na]
	at sbt.PlayReloader$$anon$2$$anonfun$reload$2$$anonfun$apply$15.apply(PlayReloader.scala:322) ~[na:na]
	at sbt.PlayReloader$$anon$2$$anonfun$reload$2$$anonfun$apply$15.apply(PlayReloader.scala:319) ~[na:na]
	at scala.Option.map(Option.scala:133) ~[scala-library.jar:na]
	at sbt.PlayReloader$$anon$2$$anonfun$reload$2.apply(PlayReloader.scala:319) ~[na:na]
	at sbt.PlayReloader$$anon$2$$anonfun$reload$2.apply(PlayReloader.scala:317) ~[na:na]
	at scala.Either$LeftProjection.map(Either.scala:374) ~[na:na]
	at sbt.PlayReloader$$anon$2.reload(PlayReloader.scala:317) ~[na:na]
	at play.core.ReloadableApplication.get(ApplicationProvider.scala:93) ~[play_2.10.jar:2.1-SNAPSHOT]
	at play.core.server.Server$class.sendHandler$1(Server.scala:55) [play_2.10.jar:2.1-SNAPSHOT]
	at play.core.server.Server$$anonfun$getHandlerFor$4.apply(Server.scala:85) [play_2.10.jar:2.1-SNAPSHOT]
	at play.core.server.Server$$anonfun$getHandlerFor$4.apply(Server.scala:84) [play_2.10.jar:2.1-SNAPSHOT]
	at scala.util.Either$RightProjection.flatMap(Either.scala:523) [scala-library.jar:na]
	at play.core.server.Server$class.getHandlerFor(Server.scala:84) [play_2.10.jar:2.1-SNAPSHOT]
	at play.core.server.NettyServer.getHandlerFor(NettyServer.scala:33) [play_2.10.jar:2.1-SNAPSHOT]
	at play.core.server.netty.PlayDefaultUpstreamHandler.messageReceived(PlayDefaultUpstreamHandler.scala:269) [play_2.10.jar:2.1-SNAPSHOT]
	at org.jboss.netty.channel.SimpleChannelUpstreamHandler.handleUpstream(SimpleChannelUpstreamHandler.java:75) [netty-3.5.9.Final.jar:na]
	at org.jboss.netty.channel.DefaultChannelPipeline.sendUpstream(DefaultChannelPipeline.java:565) [netty-3.5.9.Final.jar:na]
	at org.jboss.netty.channel.DefaultChannelPipeline$DefaultChannelHandlerContext.sendUpstream(DefaultChannelPipeline.java:793) [netty-3.5.9.Final.jar:na]
	at org.jboss.netty.handler.codec.http.HttpContentDecoder.messageReceived(HttpContentDecoder.java:104) [netty-3.5.9.Final.jar:na]
	at org.jboss.netty.channel.SimpleChannelUpstreamHandler.handleUpstream(SimpleChannelUpstreamHandler.java:75) [netty-3.5.9.Final.jar:na]
	at org.jboss.netty.channel.DefaultChannelPipeline.sendUpstream(DefaultChannelPipeline.java:565) [netty-3.5.9.Final.jar:na]
	at org.jboss.netty.channel.DefaultChannelPipeline$DefaultChannelHandlerContext.sendUpstream(DefaultChannelPipeline.java:793) [netty-3.5.9.Final.jar:na]
	at org.jboss.netty.handler.codec.http.HttpContentEncoder.messageReceived(HttpContentEncoder.java:82) [netty-3.5.9.Final.jar:na]
	at org.jboss.netty.channel.SimpleChannelHandler.handleUpstream(SimpleChannelHandler.java:95) [netty-3.5.9.Final.jar:na]
	at org.jboss.netty.channel.DefaultChannelPipeline.sendUpstream(DefaultChannelPipeline.java:565) [netty-3.5.9.Final.jar:na]
	at org.jboss.netty.channel.DefaultChannelPipeline$DefaultChannelHandlerContext.sendUpstream(DefaultChannelPipeline.java:793) [netty-3.5.9.Final.jar:na]
	at org.jboss.netty.channel.Channels.fireMessageReceived(Channels.java:296) [netty-3.5.9.Final.jar:na]
	at org.jboss.netty.handler.codec.frame.FrameDecoder.unfoldAndFireMessageReceived(FrameDecoder.java:455) [netty-3.5.9.Final.jar:na]
	at org.jboss.netty.handler.codec.replay.ReplayingDecoder.callDecode(ReplayingDecoder.java:538) [netty-3.5.9.Final.jar:na]
	at org.jboss.netty.handler.codec.replay.ReplayingDecoder.messageReceived(ReplayingDecoder.java:437) [netty-3.5.9.Final.jar:na]
	at org.jboss.netty.channel.SimpleChannelUpstreamHandler.handleUpstream(SimpleChannelUpstreamHandler.java:75) [netty-3.5.9.Final.jar:na]
	at org.jboss.netty.channel.DefaultChannelPipeline.sendUpstream(DefaultChannelPipeline.java:565) [netty-3.5.9.Final.jar:na]
	at org.jboss.netty.channel.DefaultChannelPipeline.sendUpstream(DefaultChannelPipeline.java:560) [netty-3.5.9.Final.jar:na]
	at org.jboss.netty.channel.Channels.fireMessageReceived(Channels.java:268) [netty-3.5.9.Final.jar:na]
	at org.jboss.netty.channel.Channels.fireMessageReceived(Channels.java:255) [netty-3.5.9.Final.jar:na]
	at org.jboss.netty.channel.socket.nio.NioWorker.read(NioWorker.java:84) [netty-3.5.9.Final.jar:na]
	at org.jboss.netty.channel.socket.nio.AbstractNioWorker.processSelectedKeys(AbstractNioWorker.java:472) [netty-3.5.9.Final.jar:na]
	at org.jboss.netty.channel.socket.nio.AbstractNioWorker.run(AbstractNioWorker.java:333) [netty-3.5.9.Final.jar:na]
	at org.jboss.netty.channel.socket.nio.NioWorker.run(NioWorker.java:35) [netty-3.5.9.Final.jar:na]
	at org.jboss.netty.util.ThreadRenamingRunnable.run(ThreadRenamingRunnable.java:102) [netty-3.5.9.Final.jar:na]
	at org.jboss.netty.util.internal.DeadLockProofWorker$1.run(DeadLockProofWorker.java:42) [netty-3.5.9.Final.jar:na]
	at java.util.concurrent.ThreadPoolExecutor$Worker.runTask(ThreadPoolExecutor.java:886) [na:1.6.0_37]
	at java.util.concurrent.ThreadPoolExecutor$Worker.run(ThreadPoolExecutor.java:908) [na:1.6.0_37]
	at java.lang.Thread.run(Thread.java:680) [na:1.6.0_37]

2012-11-26 16:21:48,081 - [ERROR] - from application in New I/O  worker #3 


! @6cen2ao29 - Internal server error, for (GET) [/] ->

sbt.PlayExceptions$CompilationException: Compilation error[cannot find symbol [symbol: class form] [location: class play.data.Form]]
	at sbt.PlayReloader$$anon$2$$anonfun$reload$2$$anonfun$apply$15$$anonfun$apply$16.apply(PlayReloader.scala:322) ~[na:na]
	at sbt.PlayReloader$$anon$2$$anonfun$reload$2$$anonfun$apply$15$$anonfun$apply$16.apply(PlayReloader.scala:322) ~[na:na]
	at scala.Option.map(Option.scala:133) ~[scala-library.jar:na]
	at sbt.PlayReloader$$anon$2$$anonfun$reload$2$$anonfun$apply$15.apply(PlayReloader.scala:322) ~[na:na]
	at sbt.PlayReloader$$anon$2$$anonfun$reload$2$$anonfun$apply$15.apply(PlayReloader.scala:319) ~[na:na]
	at scala.Option.map(Option.scala:133) ~[scala-library.jar:na]
	at sbt.PlayReloader$$anon$2$$anonfun$reload$2.apply(PlayReloader.scala:319) ~[na:na]
	at sbt.PlayReloader$$anon$2$$anonfun$reload$2.apply(PlayReloader.scala:317) ~[na:na]
	at scala.Either$LeftProjection.map(Either.scala:374) ~[na:na]
	at sbt.PlayReloader$$anon$2.reload(PlayReloader.scala:317) ~[na:na]
	at play.core.ReloadableApplication.get(ApplicationProvider.scala:93) ~[play_2.10.jar:2.1-SNAPSHOT]
	at play.core.server.Server$class.sendHandler$1(Server.scala:55) [play_2.10.jar:2.1-SNAPSHOT]
	at play.core.server.Server$$anonfun$getHandlerFor$4.apply(Server.scala:85) [play_2.10.jar:2.1-SNAPSHOT]
	at play.core.server.Server$$anonfun$getHandlerFor$4.apply(Server.scala:84) [play_2.10.jar:2.1-SNAPSHOT]
	at scala.util.Either$RightProjection.flatMap(Either.scala:523) [scala-library.jar:na]
	at play.core.server.Server$class.getHandlerFor(Server.scala:84) [play_2.10.jar:2.1-SNAPSHOT]
	at play.core.server.NettyServer.getHandlerFor(NettyServer.scala:33) [play_2.10.jar:2.1-SNAPSHOT]
	at play.core.server.netty.PlayDefaultUpstreamHandler.messageReceived(PlayDefaultUpstreamHandler.scala:269) [play_2.10.jar:2.1-SNAPSHOT]
	at org.jboss.netty.channel.SimpleChannelUpstreamHandler.handleUpstream(SimpleChannelUpstreamHandler.java:75) [netty-3.5.9.Final.jar:na]
	at org.jboss.netty.channel.DefaultChannelPipeline.sendUpstream(DefaultChannelPipeline.java:565) [netty-3.5.9.Final.jar:na]
	at org.jboss.netty.channel.DefaultChannelPipeline$DefaultChannelHandlerContext.sendUpstream(DefaultChannelPipeline.java:793) [netty-3.5.9.Final.jar:na]
	at org.jboss.netty.handler.codec.http.HttpContentDecoder.messageReceived(HttpContentDecoder.java:104) [netty-3.5.9.Final.jar:na]
	at org.jboss.netty.channel.SimpleChannelUpstreamHandler.handleUpstream(SimpleChannelUpstreamHandler.java:75) [netty-3.5.9.Final.jar:na]
	at org.jboss.netty.channel.DefaultChannelPipeline.sendUpstream(DefaultChannelPipeline.java:565) [netty-3.5.9.Final.jar:na]
	at org.jboss.netty.channel.DefaultChannelPipeline$DefaultChannelHandlerContext.sendUpstream(DefaultChannelPipeline.java:793) [netty-3.5.9.Final.jar:na]
	at org.jboss.netty.handler.codec.http.HttpContentEncoder.messageReceived(HttpContentEncoder.java:82) [netty-3.5.9.Final.jar:na]
	at org.jboss.netty.channel.SimpleChannelHandler.handleUpstream(SimpleChannelHandler.java:95) [netty-3.5.9.Final.jar:na]
	at org.jboss.netty.channel.DefaultChannelPipeline.sendUpstream(DefaultChannelPipeline.java:565) [netty-3.5.9.Final.jar:na]
	at org.jboss.netty.channel.DefaultChannelPipeline$DefaultChannelHandlerContext.sendUpstream(DefaultChannelPipeline.java:793) [netty-3.5.9.Final.jar:na]
	at org.jboss.netty.channel.Channels.fireMessageReceived(Channels.java:296) [netty-3.5.9.Final.jar:na]
	at org.jboss.netty.handler.codec.frame.FrameDecoder.unfoldAndFireMessageReceived(FrameDecoder.java:455) [netty-3.5.9.Final.jar:na]
	at org.jboss.netty.handler.codec.replay.ReplayingDecoder.callDecode(ReplayingDecoder.java:538) [netty-3.5.9.Final.jar:na]
	at org.jboss.netty.handler.codec.replay.ReplayingDecoder.messageReceived(ReplayingDecoder.java:437) [netty-3.5.9.Final.jar:na]
	at org.jboss.netty.channel.SimpleChannelUpstreamHandler.handleUpstream(SimpleChannelUpstreamHandler.java:75) [netty-3.5.9.Final.jar:na]
	at org.jboss.netty.channel.DefaultChannelPipeline.sendUpstream(DefaultChannelPipeline.java:565) [netty-3.5.9.Final.jar:na]
	at org.jboss.netty.channel.DefaultChannelPipeline.sendUpstream(DefaultChannelPipeline.java:560) [netty-3.5.9.Final.jar:na]
	at org.jboss.netty.channel.Channels.fireMessageReceived(Channels.java:268) [netty-3.5.9.Final.jar:na]
	at org.jboss.netty.channel.Channels.fireMessageReceived(Channels.java:255) [netty-3.5.9.Final.jar:na]
	at org.jboss.netty.channel.socket.nio.NioWorker.read(NioWorker.java:84) [netty-3.5.9.Final.jar:na]
	at org.jboss.netty.channel.socket.nio.AbstractNioWorker.processSelectedKeys(AbstractNioWorker.java:472) [netty-3.5.9.Final.jar:na]
	at org.jboss.netty.channel.socket.nio.AbstractNioWorker.run(AbstractNioWorker.java:333) [netty-3.5.9.Final.jar:na]
	at org.jboss.netty.channel.socket.nio.NioWorker.run(NioWorker.java:35) [netty-3.5.9.Final.jar:na]
	at org.jboss.netty.util.ThreadRenamingRunnable.run(ThreadRenamingRunnable.java:102) [netty-3.5.9.Final.jar:na]
	at org.jboss.netty.util.internal.DeadLockProofWorker$1.run(DeadLockProofWorker.java:42) [netty-3.5.9.Final.jar:na]
	at java.util.concurrent.ThreadPoolExecutor$Worker.runTask(ThreadPoolExecutor.java:886) [na:1.6.0_37]
	at java.util.concurrent.ThreadPoolExecutor$Worker.run(ThreadPoolExecutor.java:908) [na:1.6.0_37]
	at java.lang.Thread.run(Thread.java:680) [na:1.6.0_37]

2012-11-26 16:23:29,156 - [INFO] - from play in New I/O  worker #4 
database [default] connected at jdbc:h2:mem:play

2012-11-26 16:23:29,755 - [ERROR] - from application in New I/O  worker #4 


! @6cen2gid0 - Internal server error, for (GET) [/] ->

play.api.db.evolutions.InvalidDatabaseRevision: Database 'default' needs evolution![An SQL script need to be run on your database.]
	at play.api.db.evolutions.EvolutionsPlugin$$anonfun$onStart$1$$anonfun$apply$1.apply$mcV$sp(Evolutions.scala:437) ~[play-jdbc_2.10.jar:2.1-SNAPSHOT]
	at play.api.db.evolutions.EvolutionsPlugin.withLock(Evolutions.scala:458) ~[play-jdbc_2.10.jar:2.1-SNAPSHOT]
	at play.api.db.evolutions.EvolutionsPlugin$$anonfun$onStart$1.apply(Evolutions.scala:424) ~[play-jdbc_2.10.jar:2.1-SNAPSHOT]
	at play.api.db.evolutions.EvolutionsPlugin$$anonfun$onStart$1.apply(Evolutions.scala:422) ~[play-jdbc_2.10.jar:2.1-SNAPSHOT]
	at scala.collection.immutable.List.foreach(List.scala:309) ~[scala-library.jar:na]
	at play.api.db.evolutions.EvolutionsPlugin.onStart(Evolutions.scala:422) ~[play-jdbc_2.10.jar:2.1-SNAPSHOT]
	at play.api.Play$$anonfun$start$1$$anonfun$apply$mcV$sp$1.apply(Play.scala:62) ~[play_2.10.jar:2.1-SNAPSHOT]
	at play.api.Play$$anonfun$start$1$$anonfun$apply$mcV$sp$1.apply(Play.scala:62) ~[play_2.10.jar:2.1-SNAPSHOT]
	at scala.collection.immutable.List.foreach(List.scala:309) ~[scala-library.jar:na]
	at play.api.Play$$anonfun$start$1.apply$mcV$sp(Play.scala:62) ~[play_2.10.jar:2.1-SNAPSHOT]
	at play.api.Play$$anonfun$start$1.apply(Play.scala:62) ~[play_2.10.jar:2.1-SNAPSHOT]
	at play.api.Play$$anonfun$start$1.apply(Play.scala:62) ~[play_2.10.jar:2.1-SNAPSHOT]
	at play.utils.Threads$.withContextClassLoader(Threads.scala:18) ~[play_2.10.jar:2.1-SNAPSHOT]
	at play.api.Play$.start(Play.scala:61) ~[play_2.10.jar:2.1-SNAPSHOT]
	at play.core.ReloadableApplication$$anonfun$get$1$$anonfun$1.apply(ApplicationProvider.scala:125) ~[play_2.10.jar:2.1-SNAPSHOT]
	at play.core.ReloadableApplication$$anonfun$get$1$$anonfun$1.apply(ApplicationProvider.scala:101) ~[play_2.10.jar:2.1-SNAPSHOT]
	at scala.Option.map(Option.scala:145) ~[scala-library.jar:na]
	at play.core.ReloadableApplication$$anonfun$get$1.apply(ApplicationProvider.scala:101) ~[play_2.10.jar:2.1-SNAPSHOT]
	at play.core.ReloadableApplication$$anonfun$get$1.apply(ApplicationProvider.scala:99) ~[play_2.10.jar:2.1-SNAPSHOT]
	at scala.util.Either$RightProjection.flatMap(Either.scala:523) [scala-library.jar:na]
	at play.core.ReloadableApplication.get(ApplicationProvider.scala:99) ~[play_2.10.jar:2.1-SNAPSHOT]
	at play.core.server.Server$class.sendHandler$1(Server.scala:55) [play_2.10.jar:2.1-SNAPSHOT]
	at play.core.server.Server$$anonfun$getHandlerFor$4.apply(Server.scala:85) [play_2.10.jar:2.1-SNAPSHOT]
	at play.core.server.Server$$anonfun$getHandlerFor$4.apply(Server.scala:84) [play_2.10.jar:2.1-SNAPSHOT]
	at scala.util.Either$RightProjection.flatMap(Either.scala:523) [scala-library.jar:na]
	at play.core.server.Server$class.getHandlerFor(Server.scala:84) [play_2.10.jar:2.1-SNAPSHOT]
	at play.core.server.NettyServer.getHandlerFor(NettyServer.scala:33) [play_2.10.jar:2.1-SNAPSHOT]
	at play.core.server.netty.PlayDefaultUpstreamHandler.messageReceived(PlayDefaultUpstreamHandler.scala:269) [play_2.10.jar:2.1-SNAPSHOT]
	at org.jboss.netty.channel.SimpleChannelUpstreamHandler.handleUpstream(SimpleChannelUpstreamHandler.java:75) [netty-3.5.9.Final.jar:na]
	at org.jboss.netty.channel.DefaultChannelPipeline.sendUpstream(DefaultChannelPipeline.java:565) [netty-3.5.9.Final.jar:na]
	at org.jboss.netty.channel.DefaultChannelPipeline$DefaultChannelHandlerContext.sendUpstream(DefaultChannelPipeline.java:793) [netty-3.5.9.Final.jar:na]
	at org.jboss.netty.handler.codec.http.HttpContentDecoder.messageReceived(HttpContentDecoder.java:104) [netty-3.5.9.Final.jar:na]
	at org.jboss.netty.channel.SimpleChannelUpstreamHandler.handleUpstream(SimpleChannelUpstreamHandler.java:75) [netty-3.5.9.Final.jar:na]
	at org.jboss.netty.channel.DefaultChannelPipeline.sendUpstream(DefaultChannelPipeline.java:565) [netty-3.5.9.Final.jar:na]
	at org.jboss.netty.channel.DefaultChannelPipeline$DefaultChannelHandlerContext.sendUpstream(DefaultChannelPipeline.java:793) [netty-3.5.9.Final.jar:na]
	at org.jboss.netty.handler.codec.http.HttpContentEncoder.messageReceived(HttpContentEncoder.java:82) [netty-3.5.9.Final.jar:na]
	at org.jboss.netty.channel.SimpleChannelHandler.handleUpstream(SimpleChannelHandler.java:95) [netty-3.5.9.Final.jar:na]
	at org.jboss.netty.channel.DefaultChannelPipeline.sendUpstream(DefaultChannelPipeline.java:565) [netty-3.5.9.Final.jar:na]
	at org.jboss.netty.channel.DefaultChannelPipeline$DefaultChannelHandlerContext.sendUpstream(DefaultChannelPipeline.java:793) [netty-3.5.9.Final.jar:na]
	at org.jboss.netty.channel.Channels.fireMessageReceived(Channels.java:296) [netty-3.5.9.Final.jar:na]
	at org.jboss.netty.handler.codec.frame.FrameDecoder.unfoldAndFireMessageReceived(FrameDecoder.java:455) [netty-3.5.9.Final.jar:na]
	at org.jboss.netty.handler.codec.replay.ReplayingDecoder.callDecode(ReplayingDecoder.java:538) [netty-3.5.9.Final.jar:na]
	at org.jboss.netty.handler.codec.replay.ReplayingDecoder.messageReceived(ReplayingDecoder.java:437) [netty-3.5.9.Final.jar:na]
	at org.jboss.netty.channel.SimpleChannelUpstreamHandler.handleUpstream(SimpleChannelUpstreamHandler.java:75) [netty-3.5.9.Final.jar:na]
	at org.jboss.netty.channel.DefaultChannelPipeline.sendUpstream(DefaultChannelPipeline.java:565) [netty-3.5.9.Final.jar:na]
	at org.jboss.netty.channel.DefaultChannelPipeline.sendUpstream(DefaultChannelPipeline.java:560) [netty-3.5.9.Final.jar:na]
	at org.jboss.netty.channel.Channels.fireMessageReceived(Channels.java:268) [netty-3.5.9.Final.jar:na]
	at org.jboss.netty.channel.Channels.fireMessageReceived(Channels.java:255) [netty-3.5.9.Final.jar:na]
	at org.jboss.netty.channel.socket.nio.NioWorker.read(NioWorker.java:84) [netty-3.5.9.Final.jar:na]
	at org.jboss.netty.channel.socket.nio.AbstractNioWorker.processSelectedKeys(AbstractNioWorker.java:472) [netty-3.5.9.Final.jar:na]
	at org.jboss.netty.channel.socket.nio.AbstractNioWorker.run(AbstractNioWorker.java:333) [netty-3.5.9.Final.jar:na]
	at org.jboss.netty.channel.socket.nio.NioWorker.run(NioWorker.java:35) [netty-3.5.9.Final.jar:na]
	at org.jboss.netty.util.ThreadRenamingRunnable.run(ThreadRenamingRunnable.java:102) [netty-3.5.9.Final.jar:na]
	at org.jboss.netty.util.internal.DeadLockProofWorker$1.run(DeadLockProofWorker.java:42) [netty-3.5.9.Final.jar:na]
	at java.util.concurrent.ThreadPoolExecutor$Worker.runTask(ThreadPoolExecutor.java:886) [na:1.6.0_37]
	at java.util.concurrent.ThreadPoolExecutor$Worker.run(ThreadPoolExecutor.java:908) [na:1.6.0_37]
	at java.lang.Thread.run(Thread.java:680) [na:1.6.0_37]

2012-11-26 16:23:33,220 - [WARN] - from play in New I/O  worker #4 
Applying evolution script for database 'default':

# --- Rev:1,Ups - 770106b
create table product (
id                        bigint not null,
ean                       varchar(255),
name                      varchar(255),
description               varchar(255),
date                      timestamp,
picture                   blob,
constraint pk_product primary key (id))
;

create table stock_item (
id                        bigint not null,
warehouse_id              bigint,
product_id                bigint,
quantity                  bigint,
constraint pk_stock_item primary key (id))
;

create table tag (
id                        bigint not null,
name                      varchar(255),
constraint pk_tag primary key (id))
;

create table warehouse (
id                        bigint not null,
name                      varchar(255),
constraint pk_warehouse primary key (id))
;


create table product_tag (
product_id                     bigint not null,
tag_id                         bigint not null,
constraint pk_product_tag primary key (product_id, tag_id))
;

create table tag_product (
tag_id                         bigint not null,
product_id                     bigint not null,
constraint pk_tag_product primary key (tag_id, product_id))
;
create sequence product_seq;

create sequence stock_item_seq;

create sequence tag_seq;

create sequence warehouse_seq;

alter table stock_item add constraint fk_stock_item_warehouse_1 foreign key (warehouse_id) references warehouse (id) on delete restrict on update restrict;
create index ix_stock_item_warehouse_1 on stock_item (warehouse_id);
alter table stock_item add constraint fk_stock_item_product_2 foreign key (product_id) references product (id) on delete restrict on update restrict;
create index ix_stock_item_product_2 on stock_item (product_id);



alter table product_tag add constraint fk_product_tag_product_01 foreign key (product_id) references product (id) on delete restrict on update restrict;

alter table product_tag add constraint fk_product_tag_tag_02 foreign key (tag_id) references tag (id) on delete restrict on update restrict;

alter table tag_product add constraint fk_tag_product_tag_01 foreign key (tag_id) references tag (id) on delete restrict on update restrict;

alter table tag_product add constraint fk_tag_product_product_02 foreign key (product_id) references product (id) on delete restrict on update restrict;

# --- Rev:2,Ups - 0b64f84
insert into warehouse (id,name) values (  1,' Warehouse St Quentin');

insert into product (id,name,description,ean) values (  1,' Stainless steel paperclips', 'Paperclips', 'abcde12f123123123');
insert into product (id,name,description,ean) values (  2,' Plastic paperclips', 'Paperclips', 'abcdea12312312321');
insert into product (id,name,description,ean) values (  3,' Red color paperclips ', 'Paperclips', 'abcdeb13s1231233');

insert into stock_item (id, warehouse_id, product_id , quantity) values (  1, 1, 1, 120);
insert into stock_item (id, warehouse_id, product_id , quantity) values (  2, 1, 2, 190);
insert into stock_item (id, warehouse_id, product_id , quantity) values (  3, 1, 3, 200);

insert into tag (id, name) values (  1, 'steal');
insert into tag (id, name) values (  2, 'plastic');
insert into tag (id, name) values (  3, 'metal');


2012-11-26 16:23:34,240 - [INFO] - from play in New I/O  worker #4 
database [default] connected at jdbc:h2:mem:play

2012-11-26 16:23:34,449 - [INFO] - from play in New I/O  worker #4 
Application started (Dev)

2012-11-26 16:24:59,805 - [ERROR] - from application in New I/O  worker #4 


! @6cen2llib - Internal server error, for (GET) [/products] ->

sbt.PlayExceptions$CompilationException: Compilation error[No URL path binder found for type models.Product. Try to implement an implicit PathBindable for this type.]
	at sbt.PlayReloader$$anon$2$$anonfun$reload$2$$anonfun$apply$15$$anonfun$apply$16.apply(PlayReloader.scala:322) ~[na:na]
	at sbt.PlayReloader$$anon$2$$anonfun$reload$2$$anonfun$apply$15$$anonfun$apply$16.apply(PlayReloader.scala:322) ~[na:na]
	at scala.Option.map(Option.scala:133) ~[scala-library.jar:na]
	at sbt.PlayReloader$$anon$2$$anonfun$reload$2$$anonfun$apply$15.apply(PlayReloader.scala:322) ~[na:na]
	at sbt.PlayReloader$$anon$2$$anonfun$reload$2$$anonfun$apply$15.apply(PlayReloader.scala:319) ~[na:na]
	at scala.Option.map(Option.scala:133) ~[scala-library.jar:na]
	at sbt.PlayReloader$$anon$2$$anonfun$reload$2.apply(PlayReloader.scala:319) ~[na:na]
	at sbt.PlayReloader$$anon$2$$anonfun$reload$2.apply(PlayReloader.scala:317) ~[na:na]
	at scala.Either$LeftProjection.map(Either.scala:374) ~[na:na]
	at sbt.PlayReloader$$anon$2.reload(PlayReloader.scala:317) ~[na:na]
	at play.core.ReloadableApplication.get(ApplicationProvider.scala:93) ~[play_2.10.jar:2.1-SNAPSHOT]
	at play.core.server.Server$class.sendHandler$1(Server.scala:55) [play_2.10.jar:2.1-SNAPSHOT]
	at play.core.server.Server$$anonfun$getHandlerFor$4.apply(Server.scala:85) [play_2.10.jar:2.1-SNAPSHOT]
	at play.core.server.Server$$anonfun$getHandlerFor$4.apply(Server.scala:84) [play_2.10.jar:2.1-SNAPSHOT]
	at scala.util.Either$RightProjection.flatMap(Either.scala:523) [scala-library.jar:na]
	at play.core.server.Server$class.getHandlerFor(Server.scala:84) [play_2.10.jar:2.1-SNAPSHOT]
	at play.core.server.NettyServer.getHandlerFor(NettyServer.scala:33) [play_2.10.jar:2.1-SNAPSHOT]
	at play.core.server.netty.PlayDefaultUpstreamHandler.messageReceived(PlayDefaultUpstreamHandler.scala:269) [play_2.10.jar:2.1-SNAPSHOT]
	at org.jboss.netty.channel.SimpleChannelUpstreamHandler.handleUpstream(SimpleChannelUpstreamHandler.java:75) [netty-3.5.9.Final.jar:na]
	at org.jboss.netty.channel.DefaultChannelPipeline.sendUpstream(DefaultChannelPipeline.java:565) [netty-3.5.9.Final.jar:na]
	at org.jboss.netty.channel.DefaultChannelPipeline$DefaultChannelHandlerContext.sendUpstream(DefaultChannelPipeline.java:793) [netty-3.5.9.Final.jar:na]
	at org.jboss.netty.handler.codec.http.HttpContentDecoder.messageReceived(HttpContentDecoder.java:104) [netty-3.5.9.Final.jar:na]
	at org.jboss.netty.channel.SimpleChannelUpstreamHandler.handleUpstream(SimpleChannelUpstreamHandler.java:75) [netty-3.5.9.Final.jar:na]
	at org.jboss.netty.channel.DefaultChannelPipeline.sendUpstream(DefaultChannelPipeline.java:565) [netty-3.5.9.Final.jar:na]
	at org.jboss.netty.channel.DefaultChannelPipeline$DefaultChannelHandlerContext.sendUpstream(DefaultChannelPipeline.java:793) [netty-3.5.9.Final.jar:na]
	at org.jboss.netty.handler.codec.http.HttpContentEncoder.messageReceived(HttpContentEncoder.java:82) [netty-3.5.9.Final.jar:na]
	at org.jboss.netty.channel.SimpleChannelHandler.handleUpstream(SimpleChannelHandler.java:95) [netty-3.5.9.Final.jar:na]
	at org.jboss.netty.channel.DefaultChannelPipeline.sendUpstream(DefaultChannelPipeline.java:565) [netty-3.5.9.Final.jar:na]
	at org.jboss.netty.channel.DefaultChannelPipeline$DefaultChannelHandlerContext.sendUpstream(DefaultChannelPipeline.java:793) [netty-3.5.9.Final.jar:na]
	at org.jboss.netty.channel.Channels.fireMessageReceived(Channels.java:296) [netty-3.5.9.Final.jar:na]
	at org.jboss.netty.handler.codec.frame.FrameDecoder.unfoldAndFireMessageReceived(FrameDecoder.java:455) [netty-3.5.9.Final.jar:na]
	at org.jboss.netty.handler.codec.replay.ReplayingDecoder.callDecode(ReplayingDecoder.java:538) [netty-3.5.9.Final.jar:na]
	at org.jboss.netty.handler.codec.replay.ReplayingDecoder.messageReceived(ReplayingDecoder.java:437) [netty-3.5.9.Final.jar:na]
	at org.jboss.netty.channel.SimpleChannelUpstreamHandler.handleUpstream(SimpleChannelUpstreamHandler.java:75) [netty-3.5.9.Final.jar:na]
	at org.jboss.netty.channel.DefaultChannelPipeline.sendUpstream(DefaultChannelPipeline.java:565) [netty-3.5.9.Final.jar:na]
	at org.jboss.netty.channel.DefaultChannelPipeline.sendUpstream(DefaultChannelPipeline.java:560) [netty-3.5.9.Final.jar:na]
	at org.jboss.netty.channel.Channels.fireMessageReceived(Channels.java:268) [netty-3.5.9.Final.jar:na]
	at org.jboss.netty.channel.Channels.fireMessageReceived(Channels.java:255) [netty-3.5.9.Final.jar:na]
	at org.jboss.netty.channel.socket.nio.NioWorker.read(NioWorker.java:84) [netty-3.5.9.Final.jar:na]
	at org.jboss.netty.channel.socket.nio.AbstractNioWorker.processSelectedKeys(AbstractNioWorker.java:472) [netty-3.5.9.Final.jar:na]
	at org.jboss.netty.channel.socket.nio.AbstractNioWorker.run(AbstractNioWorker.java:333) [netty-3.5.9.Final.jar:na]
	at org.jboss.netty.channel.socket.nio.NioWorker.run(NioWorker.java:35) [netty-3.5.9.Final.jar:na]
	at org.jboss.netty.util.ThreadRenamingRunnable.run(ThreadRenamingRunnable.java:102) [netty-3.5.9.Final.jar:na]
	at org.jboss.netty.util.internal.DeadLockProofWorker$1.run(DeadLockProofWorker.java:42) [netty-3.5.9.Final.jar:na]
	at java.util.concurrent.ThreadPoolExecutor$Worker.runTask(ThreadPoolExecutor.java:886) [na:1.6.0_37]
	at java.util.concurrent.ThreadPoolExecutor$Worker.run(ThreadPoolExecutor.java:908) [na:1.6.0_37]
	at java.lang.Thread.run(Thread.java:680) [na:1.6.0_37]

2012-11-26 16:25:26,601 - [INFO] - from play in New I/O  worker #4 
database [default] connected at jdbc:h2:mem:play

2012-11-26 16:25:26,715 - [INFO] - from play in New I/O  worker #4 
Application started (Dev)

2012-11-26 16:29:07,107 - [INFO] - from play in New I/O  worker #2 
database [default] connected at jdbc:h2:mem:play

2012-11-26 16:29:07,232 - [INFO] - from play in New I/O  worker #2 
Application started (Dev)

2012-11-26 16:30:00,722 - [ERROR] - from application in New I/O  worker #2 


! @6cen3com4 - Internal server error, for (GET) [/product/?abcde12f123123123] ->

sbt.PlayExceptions$CompilationException: Compilation error[No URL path binder found for type models.Product. Try to implement an implicit PathBindable for this type.]
	at sbt.PlayReloader$$anon$2$$anonfun$reload$2$$anonfun$apply$15$$anonfun$apply$16.apply(PlayReloader.scala:322) ~[na:na]
	at sbt.PlayReloader$$anon$2$$anonfun$reload$2$$anonfun$apply$15$$anonfun$apply$16.apply(PlayReloader.scala:322) ~[na:na]
	at scala.Option.map(Option.scala:133) ~[scala-library.jar:na]
	at sbt.PlayReloader$$anon$2$$anonfun$reload$2$$anonfun$apply$15.apply(PlayReloader.scala:322) ~[na:na]
	at sbt.PlayReloader$$anon$2$$anonfun$reload$2$$anonfun$apply$15.apply(PlayReloader.scala:319) ~[na:na]
	at scala.Option.map(Option.scala:133) ~[scala-library.jar:na]
	at sbt.PlayReloader$$anon$2$$anonfun$reload$2.apply(PlayReloader.scala:319) ~[na:na]
	at sbt.PlayReloader$$anon$2$$anonfun$reload$2.apply(PlayReloader.scala:317) ~[na:na]
	at scala.Either$LeftProjection.map(Either.scala:374) ~[na:na]
	at sbt.PlayReloader$$anon$2.reload(PlayReloader.scala:317) ~[na:na]
	at play.core.ReloadableApplication.get(ApplicationProvider.scala:93) ~[play_2.10.jar:2.1-SNAPSHOT]
	at play.core.server.Server$class.sendHandler$1(Server.scala:55) [play_2.10.jar:2.1-SNAPSHOT]
	at play.core.server.Server$$anonfun$getHandlerFor$4.apply(Server.scala:85) [play_2.10.jar:2.1-SNAPSHOT]
	at play.core.server.Server$$anonfun$getHandlerFor$4.apply(Server.scala:84) [play_2.10.jar:2.1-SNAPSHOT]
	at scala.util.Either$RightProjection.flatMap(Either.scala:523) [scala-library.jar:na]
	at play.core.server.Server$class.getHandlerFor(Server.scala:84) [play_2.10.jar:2.1-SNAPSHOT]
	at play.core.server.NettyServer.getHandlerFor(NettyServer.scala:33) [play_2.10.jar:2.1-SNAPSHOT]
	at play.core.server.netty.PlayDefaultUpstreamHandler.messageReceived(PlayDefaultUpstreamHandler.scala:269) [play_2.10.jar:2.1-SNAPSHOT]
	at org.jboss.netty.channel.SimpleChannelUpstreamHandler.handleUpstream(SimpleChannelUpstreamHandler.java:75) [netty-3.5.9.Final.jar:na]
	at org.jboss.netty.channel.DefaultChannelPipeline.sendUpstream(DefaultChannelPipeline.java:565) [netty-3.5.9.Final.jar:na]
	at org.jboss.netty.channel.DefaultChannelPipeline$DefaultChannelHandlerContext.sendUpstream(DefaultChannelPipeline.java:793) [netty-3.5.9.Final.jar:na]
	at org.jboss.netty.handler.codec.http.HttpContentDecoder.messageReceived(HttpContentDecoder.java:104) [netty-3.5.9.Final.jar:na]
	at org.jboss.netty.channel.SimpleChannelUpstreamHandler.handleUpstream(SimpleChannelUpstreamHandler.java:75) [netty-3.5.9.Final.jar:na]
	at org.jboss.netty.channel.DefaultChannelPipeline.sendUpstream(DefaultChannelPipeline.java:565) [netty-3.5.9.Final.jar:na]
	at org.jboss.netty.channel.DefaultChannelPipeline$DefaultChannelHandlerContext.sendUpstream(DefaultChannelPipeline.java:793) [netty-3.5.9.Final.jar:na]
	at org.jboss.netty.handler.codec.http.HttpContentEncoder.messageReceived(HttpContentEncoder.java:82) [netty-3.5.9.Final.jar:na]
	at org.jboss.netty.channel.SimpleChannelHandler.handleUpstream(SimpleChannelHandler.java:95) [netty-3.5.9.Final.jar:na]
	at org.jboss.netty.channel.DefaultChannelPipeline.sendUpstream(DefaultChannelPipeline.java:565) [netty-3.5.9.Final.jar:na]
	at org.jboss.netty.channel.DefaultChannelPipeline$DefaultChannelHandlerContext.sendUpstream(DefaultChannelPipeline.java:793) [netty-3.5.9.Final.jar:na]
	at org.jboss.netty.channel.Channels.fireMessageReceived(Channels.java:296) [netty-3.5.9.Final.jar:na]
	at org.jboss.netty.handler.codec.frame.FrameDecoder.unfoldAndFireMessageReceived(FrameDecoder.java:455) [netty-3.5.9.Final.jar:na]
	at org.jboss.netty.handler.codec.replay.ReplayingDecoder.callDecode(ReplayingDecoder.java:538) [netty-3.5.9.Final.jar:na]
	at org.jboss.netty.handler.codec.replay.ReplayingDecoder.messageReceived(ReplayingDecoder.java:437) [netty-3.5.9.Final.jar:na]
	at org.jboss.netty.channel.SimpleChannelUpstreamHandler.handleUpstream(SimpleChannelUpstreamHandler.java:75) [netty-3.5.9.Final.jar:na]
	at org.jboss.netty.channel.DefaultChannelPipeline.sendUpstream(DefaultChannelPipeline.java:565) [netty-3.5.9.Final.jar:na]
	at org.jboss.netty.channel.DefaultChannelPipeline.sendUpstream(DefaultChannelPipeline.java:560) [netty-3.5.9.Final.jar:na]
	at org.jboss.netty.channel.Channels.fireMessageReceived(Channels.java:268) [netty-3.5.9.Final.jar:na]
	at org.jboss.netty.channel.Channels.fireMessageReceived(Channels.java:255) [netty-3.5.9.Final.jar:na]
	at org.jboss.netty.channel.socket.nio.NioWorker.read(NioWorker.java:84) [netty-3.5.9.Final.jar:na]
	at org.jboss.netty.channel.socket.nio.AbstractNioWorker.processSelectedKeys(AbstractNioWorker.java:472) [netty-3.5.9.Final.jar:na]
	at org.jboss.netty.channel.socket.nio.AbstractNioWorker.run(AbstractNioWorker.java:333) [netty-3.5.9.Final.jar:na]
	at org.jboss.netty.channel.socket.nio.NioWorker.run(NioWorker.java:35) [netty-3.5.9.Final.jar:na]
	at org.jboss.netty.util.ThreadRenamingRunnable.run(ThreadRenamingRunnable.java:102) [netty-3.5.9.Final.jar:na]
	at org.jboss.netty.util.internal.DeadLockProofWorker$1.run(DeadLockProofWorker.java:42) [netty-3.5.9.Final.jar:na]
	at java.util.concurrent.ThreadPoolExecutor$Worker.runTask(ThreadPoolExecutor.java:886) [na:1.6.0_37]
	at java.util.concurrent.ThreadPoolExecutor$Worker.run(ThreadPoolExecutor.java:908) [na:1.6.0_37]
	at java.lang.Thread.run(Thread.java:680) [na:1.6.0_37]

2012-11-26 16:30:03,570 - [ERROR] - from application in New I/O  worker #2 


! @6cen3d31i - Internal server error, for (GET) [/products] ->

sbt.PlayExceptions$CompilationException: Compilation error[No URL path binder found for type models.Product. Try to implement an implicit PathBindable for this type.]
	at sbt.PlayReloader$$anon$2$$anonfun$reload$2$$anonfun$apply$15$$anonfun$apply$16.apply(PlayReloader.scala:322) ~[na:na]
	at sbt.PlayReloader$$anon$2$$anonfun$reload$2$$anonfun$apply$15$$anonfun$apply$16.apply(PlayReloader.scala:322) ~[na:na]
	at scala.Option.map(Option.scala:133) ~[scala-library.jar:na]
	at sbt.PlayReloader$$anon$2$$anonfun$reload$2$$anonfun$apply$15.apply(PlayReloader.scala:322) ~[na:na]
	at sbt.PlayReloader$$anon$2$$anonfun$reload$2$$anonfun$apply$15.apply(PlayReloader.scala:319) ~[na:na]
	at scala.Option.map(Option.scala:133) ~[scala-library.jar:na]
	at sbt.PlayReloader$$anon$2$$anonfun$reload$2.apply(PlayReloader.scala:319) ~[na:na]
	at sbt.PlayReloader$$anon$2$$anonfun$reload$2.apply(PlayReloader.scala:317) ~[na:na]
	at scala.Either$LeftProjection.map(Either.scala:374) ~[na:na]
	at sbt.PlayReloader$$anon$2.reload(PlayReloader.scala:317) ~[na:na]
	at play.core.ReloadableApplication.get(ApplicationProvider.scala:93) ~[play_2.10.jar:2.1-SNAPSHOT]
	at play.core.server.Server$class.sendHandler$1(Server.scala:55) [play_2.10.jar:2.1-SNAPSHOT]
	at play.core.server.Server$$anonfun$getHandlerFor$4.apply(Server.scala:85) [play_2.10.jar:2.1-SNAPSHOT]
	at play.core.server.Server$$anonfun$getHandlerFor$4.apply(Server.scala:84) [play_2.10.jar:2.1-SNAPSHOT]
	at scala.util.Either$RightProjection.flatMap(Either.scala:523) [scala-library.jar:na]
	at play.core.server.Server$class.getHandlerFor(Server.scala:84) [play_2.10.jar:2.1-SNAPSHOT]
	at play.core.server.NettyServer.getHandlerFor(NettyServer.scala:33) [play_2.10.jar:2.1-SNAPSHOT]
	at play.core.server.netty.PlayDefaultUpstreamHandler.messageReceived(PlayDefaultUpstreamHandler.scala:269) [play_2.10.jar:2.1-SNAPSHOT]
	at org.jboss.netty.channel.SimpleChannelUpstreamHandler.handleUpstream(SimpleChannelUpstreamHandler.java:75) [netty-3.5.9.Final.jar:na]
	at org.jboss.netty.channel.DefaultChannelPipeline.sendUpstream(DefaultChannelPipeline.java:565) [netty-3.5.9.Final.jar:na]
	at org.jboss.netty.channel.DefaultChannelPipeline$DefaultChannelHandlerContext.sendUpstream(DefaultChannelPipeline.java:793) [netty-3.5.9.Final.jar:na]
	at org.jboss.netty.handler.codec.http.HttpContentDecoder.messageReceived(HttpContentDecoder.java:104) [netty-3.5.9.Final.jar:na]
	at org.jboss.netty.channel.SimpleChannelUpstreamHandler.handleUpstream(SimpleChannelUpstreamHandler.java:75) [netty-3.5.9.Final.jar:na]
	at org.jboss.netty.channel.DefaultChannelPipeline.sendUpstream(DefaultChannelPipeline.java:565) [netty-3.5.9.Final.jar:na]
	at org.jboss.netty.channel.DefaultChannelPipeline$DefaultChannelHandlerContext.sendUpstream(DefaultChannelPipeline.java:793) [netty-3.5.9.Final.jar:na]
	at org.jboss.netty.handler.codec.http.HttpContentEncoder.messageReceived(HttpContentEncoder.java:82) [netty-3.5.9.Final.jar:na]
	at org.jboss.netty.channel.SimpleChannelHandler.handleUpstream(SimpleChannelHandler.java:95) [netty-3.5.9.Final.jar:na]
	at org.jboss.netty.channel.DefaultChannelPipeline.sendUpstream(DefaultChannelPipeline.java:565) [netty-3.5.9.Final.jar:na]
	at org.jboss.netty.channel.DefaultChannelPipeline$DefaultChannelHandlerContext.sendUpstream(DefaultChannelPipeline.java:793) [netty-3.5.9.Final.jar:na]
	at org.jboss.netty.channel.Channels.fireMessageReceived(Channels.java:296) [netty-3.5.9.Final.jar:na]
	at org.jboss.netty.handler.codec.frame.FrameDecoder.unfoldAndFireMessageReceived(FrameDecoder.java:455) [netty-3.5.9.Final.jar:na]
	at org.jboss.netty.handler.codec.replay.ReplayingDecoder.callDecode(ReplayingDecoder.java:538) [netty-3.5.9.Final.jar:na]
	at org.jboss.netty.handler.codec.replay.ReplayingDecoder.messageReceived(ReplayingDecoder.java:437) [netty-3.5.9.Final.jar:na]
	at org.jboss.netty.channel.SimpleChannelUpstreamHandler.handleUpstream(SimpleChannelUpstreamHandler.java:75) [netty-3.5.9.Final.jar:na]
	at org.jboss.netty.channel.DefaultChannelPipeline.sendUpstream(DefaultChannelPipeline.java:565) [netty-3.5.9.Final.jar:na]
	at org.jboss.netty.channel.DefaultChannelPipeline.sendUpstream(DefaultChannelPipeline.java:560) [netty-3.5.9.Final.jar:na]
	at org.jboss.netty.channel.Channels.fireMessageReceived(Channels.java:268) [netty-3.5.9.Final.jar:na]
	at org.jboss.netty.channel.Channels.fireMessageReceived(Channels.java:255) [netty-3.5.9.Final.jar:na]
	at org.jboss.netty.channel.socket.nio.NioWorker.read(NioWorker.java:84) [netty-3.5.9.Final.jar:na]
	at org.jboss.netty.channel.socket.nio.AbstractNioWorker.processSelectedKeys(AbstractNioWorker.java:472) [netty-3.5.9.Final.jar:na]
	at org.jboss.netty.channel.socket.nio.AbstractNioWorker.run(AbstractNioWorker.java:333) [netty-3.5.9.Final.jar:na]
	at org.jboss.netty.channel.socket.nio.NioWorker.run(NioWorker.java:35) [netty-3.5.9.Final.jar:na]
	at org.jboss.netty.util.ThreadRenamingRunnable.run(ThreadRenamingRunnable.java:102) [netty-3.5.9.Final.jar:na]
	at org.jboss.netty.util.internal.DeadLockProofWorker$1.run(DeadLockProofWorker.java:42) [netty-3.5.9.Final.jar:na]
	at java.util.concurrent.ThreadPoolExecutor$Worker.runTask(ThreadPoolExecutor.java:886) [na:1.6.0_37]
	at java.util.concurrent.ThreadPoolExecutor$Worker.run(ThreadPoolExecutor.java:908) [na:1.6.0_37]
	at java.lang.Thread.run(Thread.java:680) [na:1.6.0_37]

2012-11-26 16:31:01,901 - [INFO] - from play in New I/O  worker #2 
database [default] connected at jdbc:h2:mem:play

2012-11-26 16:31:02,007 - [INFO] - from play in New I/O  worker #2 
Application started (Dev)

2012-11-26 16:33:44,406 - [ERROR] - from application in New I/O  worker #5 


! @6cen3phj9 - Internal server error, for (GET) [/products] ->

sbt.PlayExceptions$CompilationException: Compilation error[incompatible types [found: java.lang.Long] [required: java.lang.String]]
	at sbt.PlayReloader$$anon$2$$anonfun$reload$2$$anonfun$apply$15$$anonfun$apply$16.apply(PlayReloader.scala:322) ~[na:na]
	at sbt.PlayReloader$$anon$2$$anonfun$reload$2$$anonfun$apply$15$$anonfun$apply$16.apply(PlayReloader.scala:322) ~[na:na]
	at scala.Option.map(Option.scala:133) ~[scala-library.jar:na]
	at sbt.PlayReloader$$anon$2$$anonfun$reload$2$$anonfun$apply$15.apply(PlayReloader.scala:322) ~[na:na]
	at sbt.PlayReloader$$anon$2$$anonfun$reload$2$$anonfun$apply$15.apply(PlayReloader.scala:319) ~[na:na]
	at scala.Option.map(Option.scala:133) ~[scala-library.jar:na]
	at sbt.PlayReloader$$anon$2$$anonfun$reload$2.apply(PlayReloader.scala:319) ~[na:na]
	at sbt.PlayReloader$$anon$2$$anonfun$reload$2.apply(PlayReloader.scala:317) ~[na:na]
	at scala.Either$LeftProjection.map(Either.scala:374) ~[na:na]
	at sbt.PlayReloader$$anon$2.reload(PlayReloader.scala:317) ~[na:na]
	at play.core.ReloadableApplication.get(ApplicationProvider.scala:93) ~[play_2.10.jar:2.1-SNAPSHOT]
	at play.core.server.Server$class.sendHandler$1(Server.scala:55) [play_2.10.jar:2.1-SNAPSHOT]
	at play.core.server.Server$$anonfun$getHandlerFor$4.apply(Server.scala:85) [play_2.10.jar:2.1-SNAPSHOT]
	at play.core.server.Server$$anonfun$getHandlerFor$4.apply(Server.scala:84) [play_2.10.jar:2.1-SNAPSHOT]
	at scala.util.Either$RightProjection.flatMap(Either.scala:523) [scala-library.jar:na]
	at play.core.server.Server$class.getHandlerFor(Server.scala:84) [play_2.10.jar:2.1-SNAPSHOT]
	at play.core.server.NettyServer.getHandlerFor(NettyServer.scala:33) [play_2.10.jar:2.1-SNAPSHOT]
	at play.core.server.netty.PlayDefaultUpstreamHandler.messageReceived(PlayDefaultUpstreamHandler.scala:269) [play_2.10.jar:2.1-SNAPSHOT]
	at org.jboss.netty.channel.SimpleChannelUpstreamHandler.handleUpstream(SimpleChannelUpstreamHandler.java:75) [netty-3.5.9.Final.jar:na]
	at org.jboss.netty.channel.DefaultChannelPipeline.sendUpstream(DefaultChannelPipeline.java:565) [netty-3.5.9.Final.jar:na]
	at org.jboss.netty.channel.DefaultChannelPipeline$DefaultChannelHandlerContext.sendUpstream(DefaultChannelPipeline.java:793) [netty-3.5.9.Final.jar:na]
	at org.jboss.netty.handler.codec.http.HttpContentDecoder.messageReceived(HttpContentDecoder.java:104) [netty-3.5.9.Final.jar:na]
	at org.jboss.netty.channel.SimpleChannelUpstreamHandler.handleUpstream(SimpleChannelUpstreamHandler.java:75) [netty-3.5.9.Final.jar:na]
	at org.jboss.netty.channel.DefaultChannelPipeline.sendUpstream(DefaultChannelPipeline.java:565) [netty-3.5.9.Final.jar:na]
	at org.jboss.netty.channel.DefaultChannelPipeline$DefaultChannelHandlerContext.sendUpstream(DefaultChannelPipeline.java:793) [netty-3.5.9.Final.jar:na]
	at org.jboss.netty.handler.codec.http.HttpContentEncoder.messageReceived(HttpContentEncoder.java:82) [netty-3.5.9.Final.jar:na]
	at org.jboss.netty.channel.SimpleChannelHandler.handleUpstream(SimpleChannelHandler.java:95) [netty-3.5.9.Final.jar:na]
	at org.jboss.netty.channel.DefaultChannelPipeline.sendUpstream(DefaultChannelPipeline.java:565) [netty-3.5.9.Final.jar:na]
	at org.jboss.netty.channel.DefaultChannelPipeline$DefaultChannelHandlerContext.sendUpstream(DefaultChannelPipeline.java:793) [netty-3.5.9.Final.jar:na]
	at org.jboss.netty.channel.Channels.fireMessageReceived(Channels.java:296) [netty-3.5.9.Final.jar:na]
	at org.jboss.netty.handler.codec.frame.FrameDecoder.unfoldAndFireMessageReceived(FrameDecoder.java:455) [netty-3.5.9.Final.jar:na]
	at org.jboss.netty.handler.codec.replay.ReplayingDecoder.callDecode(ReplayingDecoder.java:538) [netty-3.5.9.Final.jar:na]
	at org.jboss.netty.handler.codec.replay.ReplayingDecoder.messageReceived(ReplayingDecoder.java:437) [netty-3.5.9.Final.jar:na]
	at org.jboss.netty.channel.SimpleChannelUpstreamHandler.handleUpstream(SimpleChannelUpstreamHandler.java:75) [netty-3.5.9.Final.jar:na]
	at org.jboss.netty.channel.DefaultChannelPipeline.sendUpstream(DefaultChannelPipeline.java:565) [netty-3.5.9.Final.jar:na]
	at org.jboss.netty.channel.DefaultChannelPipeline.sendUpstream(DefaultChannelPipeline.java:560) [netty-3.5.9.Final.jar:na]
	at org.jboss.netty.channel.Channels.fireMessageReceived(Channels.java:268) [netty-3.5.9.Final.jar:na]
	at org.jboss.netty.channel.Channels.fireMessageReceived(Channels.java:255) [netty-3.5.9.Final.jar:na]
	at org.jboss.netty.channel.socket.nio.NioWorker.read(NioWorker.java:84) [netty-3.5.9.Final.jar:na]
	at org.jboss.netty.channel.socket.nio.AbstractNioWorker.processSelectedKeys(AbstractNioWorker.java:472) [netty-3.5.9.Final.jar:na]
	at org.jboss.netty.channel.socket.nio.AbstractNioWorker.run(AbstractNioWorker.java:333) [netty-3.5.9.Final.jar:na]
	at org.jboss.netty.channel.socket.nio.NioWorker.run(NioWorker.java:35) [netty-3.5.9.Final.jar:na]
	at org.jboss.netty.util.ThreadRenamingRunnable.run(ThreadRenamingRunnable.java:102) [netty-3.5.9.Final.jar:na]
	at org.jboss.netty.util.internal.DeadLockProofWorker$1.run(DeadLockProofWorker.java:42) [netty-3.5.9.Final.jar:na]
	at java.util.concurrent.ThreadPoolExecutor$Worker.runTask(ThreadPoolExecutor.java:886) [na:1.6.0_37]
	at java.util.concurrent.ThreadPoolExecutor$Worker.run(ThreadPoolExecutor.java:908) [na:1.6.0_37]
	at java.lang.Thread.run(Thread.java:680) [na:1.6.0_37]

2012-11-26 16:33:44,996 - [ERROR] - from application in New I/O  worker #5 


! @6cen3pig2 - Internal server error, for (GET) [/products] ->

sbt.PlayExceptions$CompilationException: Compilation error[incompatible types [found: java.lang.Long] [required: java.lang.String]]
	at sbt.PlayReloader$$anon$2$$anonfun$reload$2$$anonfun$apply$15$$anonfun$apply$16.apply(PlayReloader.scala:322) ~[na:na]
	at sbt.PlayReloader$$anon$2$$anonfun$reload$2$$anonfun$apply$15$$anonfun$apply$16.apply(PlayReloader.scala:322) ~[na:na]
	at scala.Option.map(Option.scala:133) ~[scala-library.jar:na]
	at sbt.PlayReloader$$anon$2$$anonfun$reload$2$$anonfun$apply$15.apply(PlayReloader.scala:322) ~[na:na]
	at sbt.PlayReloader$$anon$2$$anonfun$reload$2$$anonfun$apply$15.apply(PlayReloader.scala:319) ~[na:na]
	at scala.Option.map(Option.scala:133) ~[scala-library.jar:na]
	at sbt.PlayReloader$$anon$2$$anonfun$reload$2.apply(PlayReloader.scala:319) ~[na:na]
	at sbt.PlayReloader$$anon$2$$anonfun$reload$2.apply(PlayReloader.scala:317) ~[na:na]
	at scala.Either$LeftProjection.map(Either.scala:374) ~[na:na]
	at sbt.PlayReloader$$anon$2.reload(PlayReloader.scala:317) ~[na:na]
	at play.core.ReloadableApplication.get(ApplicationProvider.scala:93) ~[play_2.10.jar:2.1-SNAPSHOT]
	at play.core.server.Server$class.sendHandler$1(Server.scala:55) [play_2.10.jar:2.1-SNAPSHOT]
	at play.core.server.Server$$anonfun$getHandlerFor$4.apply(Server.scala:85) [play_2.10.jar:2.1-SNAPSHOT]
	at play.core.server.Server$$anonfun$getHandlerFor$4.apply(Server.scala:84) [play_2.10.jar:2.1-SNAPSHOT]
	at scala.util.Either$RightProjection.flatMap(Either.scala:523) [scala-library.jar:na]
	at play.core.server.Server$class.getHandlerFor(Server.scala:84) [play_2.10.jar:2.1-SNAPSHOT]
	at play.core.server.NettyServer.getHandlerFor(NettyServer.scala:33) [play_2.10.jar:2.1-SNAPSHOT]
	at play.core.server.netty.PlayDefaultUpstreamHandler.messageReceived(PlayDefaultUpstreamHandler.scala:269) [play_2.10.jar:2.1-SNAPSHOT]
	at org.jboss.netty.channel.SimpleChannelUpstreamHandler.handleUpstream(SimpleChannelUpstreamHandler.java:75) [netty-3.5.9.Final.jar:na]
	at org.jboss.netty.channel.DefaultChannelPipeline.sendUpstream(DefaultChannelPipeline.java:565) [netty-3.5.9.Final.jar:na]
	at org.jboss.netty.channel.DefaultChannelPipeline$DefaultChannelHandlerContext.sendUpstream(DefaultChannelPipeline.java:793) [netty-3.5.9.Final.jar:na]
	at org.jboss.netty.handler.codec.http.HttpContentDecoder.messageReceived(HttpContentDecoder.java:104) [netty-3.5.9.Final.jar:na]
	at org.jboss.netty.channel.SimpleChannelUpstreamHandler.handleUpstream(SimpleChannelUpstreamHandler.java:75) [netty-3.5.9.Final.jar:na]
	at org.jboss.netty.channel.DefaultChannelPipeline.sendUpstream(DefaultChannelPipeline.java:565) [netty-3.5.9.Final.jar:na]
	at org.jboss.netty.channel.DefaultChannelPipeline$DefaultChannelHandlerContext.sendUpstream(DefaultChannelPipeline.java:793) [netty-3.5.9.Final.jar:na]
	at org.jboss.netty.handler.codec.http.HttpContentEncoder.messageReceived(HttpContentEncoder.java:82) [netty-3.5.9.Final.jar:na]
	at org.jboss.netty.channel.SimpleChannelHandler.handleUpstream(SimpleChannelHandler.java:95) [netty-3.5.9.Final.jar:na]
	at org.jboss.netty.channel.DefaultChannelPipeline.sendUpstream(DefaultChannelPipeline.java:565) [netty-3.5.9.Final.jar:na]
	at org.jboss.netty.channel.DefaultChannelPipeline$DefaultChannelHandlerContext.sendUpstream(DefaultChannelPipeline.java:793) [netty-3.5.9.Final.jar:na]
	at org.jboss.netty.channel.Channels.fireMessageReceived(Channels.java:296) [netty-3.5.9.Final.jar:na]
	at org.jboss.netty.handler.codec.frame.FrameDecoder.unfoldAndFireMessageReceived(FrameDecoder.java:455) [netty-3.5.9.Final.jar:na]
	at org.jboss.netty.handler.codec.replay.ReplayingDecoder.callDecode(ReplayingDecoder.java:538) [netty-3.5.9.Final.jar:na]
	at org.jboss.netty.handler.codec.replay.ReplayingDecoder.messageReceived(ReplayingDecoder.java:437) [netty-3.5.9.Final.jar:na]
	at org.jboss.netty.channel.SimpleChannelUpstreamHandler.handleUpstream(SimpleChannelUpstreamHandler.java:75) [netty-3.5.9.Final.jar:na]
	at org.jboss.netty.channel.DefaultChannelPipeline.sendUpstream(DefaultChannelPipeline.java:565) [netty-3.5.9.Final.jar:na]
	at org.jboss.netty.channel.DefaultChannelPipeline.sendUpstream(DefaultChannelPipeline.java:560) [netty-3.5.9.Final.jar:na]
	at org.jboss.netty.channel.Channels.fireMessageReceived(Channels.java:268) [netty-3.5.9.Final.jar:na]
	at org.jboss.netty.channel.Channels.fireMessageReceived(Channels.java:255) [netty-3.5.9.Final.jar:na]
	at org.jboss.netty.channel.socket.nio.NioWorker.read(NioWorker.java:84) [netty-3.5.9.Final.jar:na]
	at org.jboss.netty.channel.socket.nio.AbstractNioWorker.processSelectedKeys(AbstractNioWorker.java:472) [netty-3.5.9.Final.jar:na]
	at org.jboss.netty.channel.socket.nio.AbstractNioWorker.run(AbstractNioWorker.java:333) [netty-3.5.9.Final.jar:na]
	at org.jboss.netty.channel.socket.nio.NioWorker.run(NioWorker.java:35) [netty-3.5.9.Final.jar:na]
	at org.jboss.netty.util.ThreadRenamingRunnable.run(ThreadRenamingRunnable.java:102) [netty-3.5.9.Final.jar:na]
	at org.jboss.netty.util.internal.DeadLockProofWorker$1.run(DeadLockProofWorker.java:42) [netty-3.5.9.Final.jar:na]
	at java.util.concurrent.ThreadPoolExecutor$Worker.runTask(ThreadPoolExecutor.java:886) [na:1.6.0_37]
	at java.util.concurrent.ThreadPoolExecutor$Worker.run(ThreadPoolExecutor.java:908) [na:1.6.0_37]
	at java.lang.Thread.run(Thread.java:680) [na:1.6.0_37]

2012-11-26 16:34:13,057 - [INFO] - from play in New I/O  worker #5 
database [default] connected at jdbc:h2:mem:play

2012-11-26 16:34:13,119 - [INFO] - from play in New I/O  worker #5 
Application started (Dev)

2012-11-26 16:34:30,268 - [INFO] - from play in New I/O  worker #5 
database [default] connected at jdbc:h2:mem:play

2012-11-26 16:34:30,350 - [INFO] - from play in New I/O  worker #5 
Application started (Dev)

